sys:1: DtypeWarning: Columns (8,9,10,11,12,43,157,196,214,225,228,229,231,235,238) have mixed types. Specify dtype option on import or set low_memory=False.
sys:1: DtypeWarning: Columns (8,9,10,11,12,43,157,167,177,196,214,225,228,229,231,235,238) have mixed types. Specify dtype option on import or set low_memory=False.
/home/ubuntu/anaconda/lib/python2.7/site-packages/numpy/lib/arraysetops.py:200: FutureWarning: numpy not_equal will not check object identity in the future. The comparison did not return the same result as suggested by the identity (`is`)) and will change.
  flag = np.concatenate(([True], aux[1:] != aux[:-1]))
Will train until validation_0 error hasn't decreased in 20 rounds.
[0]	validation_0-auc:0.654642
[1]	validation_0-auc:0.703328
[2]	validation_0-auc:0.732925
[3]	validation_0-auc:0.740631
[4]	validation_0-auc:0.744996
[5]	validation_0-auc:0.751574
[6]	validation_0-auc:0.753824
[7]	validation_0-auc:0.758487
[8]	validation_0-auc:0.760939
[9]	validation_0-auc:0.764810
[10]	validation_0-auc:0.766645
[11]	validation_0-auc:0.769311
[12]	validation_0-auc:0.770232
[13]	validation_0-auc:0.772443
[14]	validation_0-auc:0.774460
[15]	validation_0-auc:0.774896
[16]	validation_0-auc:0.776162
[17]	validation_0-auc:0.776010
[18]	validation_0-auc:0.776255
[19]	validation_0-auc:0.777300
[20]	validation_0-auc:0.778232
[21]	validation_0-auc:0.779197
[22]	validation_0-auc:0.780092
[23]	validation_0-auc:0.781014
[24]	validation_0-auc:0.781497
[25]	validation_0-auc:0.781961
[26]	validation_0-auc:0.781892
[27]	validation_0-auc:0.781979
[28]	validation_0-auc:0.782543
[29]	validation_0-auc:0.781967
[30]	validation_0-auc:0.782324
[31]	validation_0-auc:0.782428
[32]	validation_0-auc:0.782395
[33]	validation_0-auc:0.782544
[34]	validation_0-auc:0.782793
[35]	validation_0-auc:0.782653
[36]	validation_0-auc:0.782996
[37]	validation_0-auc:0.783454
[38]	validation_0-auc:0.783153
[39]	validation_0-auc:0.783611
[40]	validation_0-auc:0.783630
[41]	validation_0-auc:0.783961
[42]	validation_0-auc:0.784273
[43]	validation_0-auc:0.784292
[44]	validation_0-auc:0.784943
[45]	validation_0-auc:0.785155
[46]	validation_0-auc:0.785195
[47]	validation_0-auc:0.785479
[48]	validation_0-auc:0.785547
[49]	validation_0-auc:0.785804
[50]	validation_0-auc:0.785983
[51]	validation_0-auc:0.786258
[52]	validation_0-auc:0.786189
[53]	validation_0-auc:0.786563
[54]	validation_0-auc:0.786836
[55]	validation_0-auc:0.787218
[56]	validation_0-auc:0.787184
[57]	validation_0-auc:0.787496
[58]	validation_0-auc:0.787631
[59]	validation_0-auc:0.788058
[60]	validation_0-auc:0.788511
[61]	validation_0-auc:0.788702
[62]	validation_0-auc:0.788881
[63]	validation_0-auc:0.788853
[64]	validation_0-auc:0.789184
[65]	validation_0-auc:0.789177
[66]	validation_0-auc:0.789613
[67]	validation_0-auc:0.789751
[68]	validation_0-auc:0.789989
[69]	validation_0-auc:0.790324
[70]	validation_0-auc:0.790645
[71]	validation_0-auc:0.790985
[72]	validation_0-auc:0.791139
[73]	validation_0-auc:0.791347
[74]	validation_0-auc:0.791530
[75]	validation_0-auc:0.791708
[76]	validation_0-auc:0.791759
[77]	validation_0-auc:0.792143
[78]	validation_0-auc:0.792214
[79]	validation_0-auc:0.791921
[80]	validation_0-auc:0.792026
[81]	validation_0-auc:0.792134
[82]	validation_0-auc:0.792288
[83]	validation_0-auc:0.792319
[84]	validation_0-auc:0.792466
[85]	validation_0-auc:0.792780
[86]	validation_0-auc:0.792935
[87]	validation_0-auc:0.792865
[88]	validation_0-auc:0.792928
[89]	validation_0-auc:0.792878
[90]	validation_0-auc:0.792938
[91]	validation_0-auc:0.793146
[92]	validation_0-auc:0.793291
[93]	validation_0-auc:0.793379
[94]	validation_0-auc:0.793218
[95]	validation_0-auc:0.793354
[96]	validation_0-auc:0.793303
[97]	validation_0-auc:0.793567
[98]	validation_0-auc:0.793979
[99]	validation_0-auc:0.794085
[100]	validation_0-auc:0.794138
[101]	validation_0-auc:0.794026
[102]	validation_0-auc:0.794031
[103]	validation_0-auc:0.794167
[104]	validation_0-auc:0.794257
[105]	validation_0-auc:0.794172
[106]	validation_0-auc:0.794311
[107]	validation_0-auc:0.794429
[108]	validation_0-auc:0.794350
[109]	validation_0-auc:0.794539
[110]	validation_0-auc:0.794706
[111]	validation_0-auc:0.794847
[112]	validation_0-auc:0.795161
[113]	validation_0-auc:0.795438
[114]	validation_0-auc:0.795470
[115]	validation_0-auc:0.795423
[116]	validation_0-auc:0.795538
[117]	validation_0-auc:0.795472
[118]	validation_0-auc:0.795614
[119]	validation_0-auc:0.795792
[120]	validation_0-auc:0.795732
[121]	validation_0-auc:0.795827
[122]	validation_0-auc:0.796038
[123]	validation_0-auc:0.796024
[124]	validation_0-auc:0.796070
[125]	validation_0-auc:0.796067
[126]	validation_0-auc:0.796244
[127]	validation_0-auc:0.796108
[128]	validation_0-auc:0.796132
[129]	validation_0-auc:0.795994
[130]	validation_0-auc:0.796118
[131]	validation_0-auc:0.796482
[132]	validation_0-auc:0.796482
[133]	validation_0-auc:0.796486
[134]	validation_0-auc:0.796735
[135]	validation_0-auc:0.796804
[136]	validation_0-auc:0.796898
[137]	validation_0-auc:0.796673
[138]	validation_0-auc:0.796782
[139]	validation_0-auc:0.796928
[140]	validation_0-auc:0.796976
[141]	validation_0-auc:0.796962
[142]	validation_0-auc:0.797054
[143]	validation_0-auc:0.797169
[144]	validation_0-auc:0.797177
[145]	validation_0-auc:0.797273
[146]	validation_0-auc:0.797467
[147]	validation_0-auc:0.797540
[148]	validation_0-auc:0.797627
[149]	validation_0-auc:0.797695
[150]	validation_0-auc:0.797776
[151]	validation_0-auc:0.797911
[152]	validation_0-auc:0.798020
[153]	validation_0-auc:0.797990
[154]	validation_0-auc:0.798152
[155]	validation_0-auc:0.798085
[156]	validation_0-auc:0.798124
[157]	validation_0-auc:0.798276
[158]	validation_0-auc:0.798504
[159]	validation_0-auc:0.798640
[160]	validation_0-auc:0.798790
[161]	validation_0-auc:0.798897
[162]	validation_0-auc:0.799083
[163]	validation_0-auc:0.799188
[164]	validation_0-auc:0.799364
[165]	validation_0-auc:0.799360
[166]	validation_0-auc:0.799234
[167]	validation_0-auc:0.799341
[168]	validation_0-auc:0.799402
[169]	validation_0-auc:0.799545
[170]	validation_0-auc:0.799703
[171]	validation_0-auc:0.799669
[172]	validation_0-auc:0.799719
[173]	validation_0-auc:0.799760
[174]	validation_0-auc:0.799705
[175]	validation_0-auc:0.799723
[176]	validation_0-auc:0.799707
[177]	validation_0-auc:0.799834
[178]	validation_0-auc:0.799929
[179]	validation_0-auc:0.800011
[180]	validation_0-auc:0.799980
[181]	validation_0-auc:0.800054
[182]	validation_0-auc:0.799938
[183]	validation_0-auc:0.799978
[184]	validation_0-auc:0.799948
[185]	validation_0-auc:0.800107
[186]	validation_0-auc:0.800161
[187]	validation_0-auc:0.800299
[188]	validation_0-auc:0.800227
[189]	validation_0-auc:0.800315
[190]	validation_0-auc:0.800384
[191]	validation_0-auc:0.800313
[192]	validation_0-auc:0.800442
[193]	validation_0-auc:0.800397
[194]	validation_0-auc:0.800504
[195]	validation_0-auc:0.800587
[196]	validation_0-auc:0.800499
[197]	validation_0-auc:0.800526
[198]	validation_0-auc:0.800637
[199]	validation_0-auc:0.800629
[200]	validation_0-auc:0.800562
[201]	validation_0-auc:0.800485
[202]	validation_0-auc:0.800581
[203]	validation_0-auc:0.800593
[204]	validation_0-auc:0.800645
[205]	validation_0-auc:0.800538
[206]	validation_0-auc:0.800607
[207]	validation_0-auc:0.800621
[208]	validation_0-auc:0.800734
[209]	validation_0-auc:0.800730
[210]	validation_0-auc:0.800746
[211]	validation_0-auc:0.800793
[212]	validation_0-auc:0.800758
[213]	validation_0-auc:0.800884
[214]	validation_0-auc:0.801002
[215]	validation_0-auc:0.801077
[216]	validation_0-auc:0.801090
[217]	validation_0-auc:0.801141
[218]	validation_0-auc:0.801123
[219]	validation_0-auc:0.801118
[220]	validation_0-auc:0.801188
[221]	validation_0-auc:0.801246
[222]	validation_0-auc:0.801283
[223]	validation_0-auc:0.801313
[224]	validation_0-auc:0.801232
[225]	validation_0-auc:0.801327
[226]	validation_0-auc:0.801363
[227]	validation_0-auc:0.801266
[228]	validation_0-auc:0.801247
[229]	validation_0-auc:0.801273
[230]	validation_0-auc:0.801339
[231]	validation_0-auc:0.801415
[232]	validation_0-auc:0.801526
[233]	validation_0-auc:0.801579
[234]	validation_0-auc:0.801583
[235]	validation_0-auc:0.801743
[236]	validation_0-auc:0.801735
[237]	validation_0-auc:0.801731
[238]	validation_0-auc:0.801729
[239]	validation_0-auc:0.801675
[240]	validation_0-auc:0.801716
[241]	validation_0-auc:0.801667
[242]	validation_0-auc:0.801683
[243]	validation_0-auc:0.801714
[244]	validation_0-auc:0.801757
[245]	validation_0-auc:0.801780
[246]	validation_0-auc:0.801796
[247]	validation_0-auc:0.801867
[248]	validation_0-auc:0.801870
[249]	validation_0-auc:0.801924
[250]	validation_0-auc:0.801981
[251]	validation_0-auc:0.801999
[252]	validation_0-auc:0.802052
[253]	validation_0-auc:0.802070
[254]	validation_0-auc:0.802098
[255]	validation_0-auc:0.802145
[256]	validation_0-auc:0.802123
[257]	validation_0-auc:0.802143
[258]	validation_0-auc:0.802152
[259]	validation_0-auc:0.802165
[260]	validation_0-auc:0.802147
[261]	validation_0-auc:0.802199
[262]	validation_0-auc:0.802229
[263]	validation_0-auc:0.802235
[264]	validation_0-auc:0.802254
[265]	validation_0-auc:0.802290
[266]	validation_0-auc:0.802286
[267]	validation_0-auc:0.802294
[268]	validation_0-auc:0.802315
[269]	validation_0-auc:0.802316
[270]	validation_0-auc:0.802381
[271]	validation_0-auc:0.802431
[272]	validation_0-auc:0.802447
[273]	validation_0-auc:0.802438
[274]	validation_0-auc:0.802488
[275]	validation_0-auc:0.802535
[276]	validation_0-auc:0.802589
[277]	validation_0-auc:0.802656
[278]	validation_0-auc:0.802677
[279]	validation_0-auc:0.802670
[280]	validation_0-auc:0.802598
[281]	validation_0-auc:0.802634
[282]	validation_0-auc:0.802574
[283]	validation_0-auc:0.802689
[284]	validation_0-auc:0.802748
[285]	validation_0-auc:0.802819
[286]	validation_0-auc:0.802827
[287]	validation_0-auc:0.802808
[288]	validation_0-auc:0.802854
[289]	validation_0-auc:0.802833
[290]	validation_0-auc:0.802917
[291]	validation_0-auc:0.802928
[292]	validation_0-auc:0.803005
[293]	validation_0-auc:0.802985
[294]	validation_0-auc:0.802913
[295]	validation_0-auc:0.802954
[296]	validation_0-auc:0.803030
[297]	validation_0-auc:0.803046
[298]	validation_0-auc:0.803137
[299]	validation_0-auc:0.803101
[300]	validation_0-auc:0.803159
[301]	validation_0-auc:0.803136
[302]	validation_0-auc:0.803044
[303]	validation_0-auc:0.803163
[304]	validation_0-auc:0.803157
[305]	validation_0-auc:0.803240
[306]	validation_0-auc:0.803293
[307]	validation_0-auc:0.803372
[308]	validation_0-auc:0.803433
[309]	validation_0-auc:0.803509
[310]	validation_0-auc:0.803501
[311]	validation_0-auc:0.803511
[312]	validation_0-auc:0.803518
[313]	validation_0-auc:0.803525
[314]	validation_0-auc:0.803519
[315]	validation_0-auc:0.803537
[316]	validation_0-auc:0.803557
[317]	validation_0-auc:0.803533
[318]	validation_0-auc:0.803551
[319]	validation_0-auc:0.803539
[320]	validation_0-auc:0.803587
[321]	validation_0-auc:0.803627
[322]	validation_0-auc:0.803657
[323]	validation_0-auc:0.803680
[324]	validation_0-auc:0.803651
[325]	validation_0-auc:0.803675
[326]	validation_0-auc:0.803660
[327]	validation_0-auc:0.803714
[328]	validation_0-auc:0.803783
[329]	validation_0-auc:0.803750
[330]	validation_0-auc:0.803639
[331]	validation_0-auc:0.803679
[332]	validation_0-auc:0.803680
[333]	validation_0-auc:0.803728
[334]	validation_0-auc:0.803772
[335]	validation_0-auc:0.803828
[336]	validation_0-auc:0.803883
[337]	validation_0-auc:0.803945
[338]	validation_0-auc:0.803995
[339]	validation_0-auc:0.804068
[340]	validation_0-auc:0.804207
[341]	validation_0-auc:0.804263
[342]	validation_0-auc:0.804334
[343]	validation_0-auc:0.804385
[344]	validation_0-auc:0.804432
[345]	validation_0-auc:0.804413
[346]	validation_0-auc:0.804466
[347]	validation_0-auc:0.804472
[348]	validation_0-auc:0.804500
[349]	validation_0-auc:0.804480
[350]	validation_0-auc:0.804454
[351]	validation_0-auc:0.804474
[352]	validation_0-auc:0.804553
[353]	validation_0-auc:0.804501
[354]	validation_0-auc:0.804485
[355]	validation_0-auc:0.804489
[356]	validation_0-auc:0.804523
[357]	validation_0-auc:0.804524
[358]	validation_0-auc:0.804542
[359]	validation_0-auc:0.804583
[360]	validation_0-auc:0.804603
[361]	validation_0-auc:0.804636
[362]	validation_0-auc:0.804707
[363]	validation_0-auc:0.804724
[364]	validation_0-auc:0.804752
[365]	validation_0-auc:0.804777
[366]	validation_0-auc:0.804865
[367]	validation_0-auc:0.804918
[368]	validation_0-auc:0.804955
[369]	validation_0-auc:0.804933
[370]	validation_0-auc:0.804885
[371]	validation_0-auc:0.804905
[372]	validation_0-auc:0.804947
[373]	validation_0-auc:0.804905
[374]	validation_0-auc:0.804930
[375]	validation_0-auc:0.804951
[376]	validation_0-auc:0.804873
[377]	validation_0-auc:0.804906
[378]	validation_0-auc:0.804919
[379]	validation_0-auc:0.804921
[380]	validation_0-auc:0.804919
[381]	validation_0-auc:0.804913
[382]	validation_0-auc:0.804966
[383]	validation_0-auc:0.805014
[384]	validation_0-auc:0.805012
[385]	validation_0-auc:0.805021
[386]	validation_0-auc:0.804995
[387]	validation_0-auc:0.805046
[388]	validation_0-auc:0.805009
[389]	validation_0-auc:0.805019
[390]	validation_0-auc:0.805027
[391]	validation_0-auc:0.805088
[392]	validation_0-auc:0.805148
[393]	validation_0-auc:0.805219
[394]	validation_0-auc:0.805194
[395]	validation_0-auc:0.805227
[396]	validation_0-auc:0.805191
[397]	validation_0-auc:0.805216
[398]	validation_0-auc:0.805207
[399]	validation_0-auc:0.805239
[400]	validation_0-auc:0.805233
[401]	validation_0-auc:0.805227
[402]	validation_0-auc:0.805178
[403]	validation_0-auc:0.805175
[404]	validation_0-auc:0.805161
[405]	validation_0-auc:0.805201
[406]	validation_0-auc:0.805218
[407]	validation_0-auc:0.805205
[408]	validation_0-auc:0.805281
[409]	validation_0-auc:0.805331
[410]	validation_0-auc:0.805386
[411]	validation_0-auc:0.805384
[412]	validation_0-auc:0.805379
[413]	validation_0-auc:0.805371
[414]	validation_0-auc:0.805400
[415]	validation_0-auc:0.805399
[416]	validation_0-auc:0.805387
[417]	validation_0-auc:0.805386
[418]	validation_0-auc:0.805455
[419]	validation_0-auc:0.805491
[420]	validation_0-auc:0.805523
[421]	validation_0-auc:0.805539
[422]	validation_0-auc:0.805551
[423]	validation_0-auc:0.805510
[424]	validation_0-auc:0.805443
[425]	validation_0-auc:0.805469
[426]	validation_0-auc:0.805526
[427]	validation_0-auc:0.805576
[428]	validation_0-auc:0.805617
[429]	validation_0-auc:0.805609
[430]	validation_0-auc:0.805604
[431]	validation_0-auc:0.805589
[432]	validation_0-auc:0.805595
[433]	validation_0-auc:0.805632
[434]	validation_0-auc:0.805639
[435]	validation_0-auc:0.805655
[436]	validation_0-auc:0.805620
[437]	validation_0-auc:0.805610
[438]	validation_0-auc:0.805626
[439]	validation_0-auc:0.805584
[440]	validation_0-auc:0.805595
[441]	validation_0-auc:0.805677
[442]	validation_0-auc:0.805689
[443]	validation_0-auc:0.805617
[444]	validation_0-auc:0.805639
[445]	validation_0-auc:0.805662
[446]	validation_0-auc:0.805683
[447]	validation_0-auc:0.805710
[448]	validation_0-auc:0.805705
[449]	validation_0-auc:0.805665
[450]	validation_0-auc:0.805687
[451]	validation_0-auc:0.805735
[452]	validation_0-auc:0.805713
[453]	validation_0-auc:0.805738
[454]	validation_0-auc:0.805752
[455]	validation_0-auc:0.805748
[456]	validation_0-auc:0.805751
[457]	validation_0-auc:0.805748
[458]	validation_0-auc:0.805790
[459]	validation_0-auc:0.805797
[460]	validation_0-auc:0.805795
[461]	validation_0-auc:0.805841
[462]	validation_0-auc:0.805836
[463]	validation_0-auc:0.805819
[464]	validation_0-auc:0.805854
[465]	validation_0-auc:0.805888
[466]	validation_0-auc:0.805916
[467]	validation_0-auc:0.805914
[468]	validation_0-auc:0.805871
[469]	validation_0-auc:0.805881
[470]	validation_0-auc:0.805873
[471]	validation_0-auc:0.805859
[472]	validation_0-auc:0.805865
[473]	validation_0-auc:0.805914
[474]	validation_0-auc:0.805919
[475]	validation_0-auc:0.805926
[476]	validation_0-auc:0.805950
[477]	validation_0-auc:0.805997
[478]	validation_0-auc:0.806018
[479]	validation_0-auc:0.806051
[480]	validation_0-auc:0.806036
[481]	validation_0-auc:0.806069
[482]	validation_0-auc:0.806015
[483]	validation_0-auc:0.806024
[484]	validation_0-auc:0.805989
[485]	validation_0-auc:0.806003
[486]	validation_0-auc:0.806010
[487]	validation_0-auc:0.806027
[488]	validation_0-auc:0.806036
[489]	validation_0-auc:0.806066
[490]	validation_0-auc:0.806068
[491]	validation_0-auc:0.806037
[492]	validation_0-auc:0.805996
[493]	validation_0-auc:0.806008
[494]	validation_0-auc:0.806000
[495]	validation_0-auc:0.806048
[496]	validation_0-auc:0.806020
[497]	validation_0-auc:0.806018
[498]	validation_0-auc:0.806014
[499]	validation_0-auc:0.806110
[500]	validation_0-auc:0.806163
[501]	validation_0-auc:0.806194
[502]	validation_0-auc:0.806234
[503]	validation_0-auc:0.806223
[504]	validation_0-auc:0.806228
[505]	validation_0-auc:0.806228
[506]	validation_0-auc:0.806217
[507]	validation_0-auc:0.806173
[508]	validation_0-auc:0.806215
[509]	validation_0-auc:0.806227
[510]	validation_0-auc:0.806274
[511]	validation_0-auc:0.806258
[512]	validation_0-auc:0.806247
[513]	validation_0-auc:0.806275
[514]	validation_0-auc:0.806276
[515]	validation_0-auc:0.806250
[516]	validation_0-auc:0.806241
[517]	validation_0-auc:0.806235
[518]	validation_0-auc:0.806248
[519]	validation_0-auc:0.806294
[520]	validation_0-auc:0.806287
[521]	validation_0-auc:0.806305
[522]	validation_0-auc:0.806331
[523]	validation_0-auc:0.806325
[524]	validation_0-auc:0.806341
[525]	validation_0-auc:0.806319
[526]	validation_0-auc:0.806294
[527]	validation_0-auc:0.806322
[528]	validation_0-auc:0.806374
[529]	validation_0-auc:0.806400
[530]	validation_0-auc:0.806385
[531]	validation_0-auc:0.806386
[532]	validation_0-auc:0.806355
[533]	validation_0-auc:0.806366
[534]	validation_0-auc:0.806378
[535]	validation_0-auc:0.806395
[536]	validation_0-auc:0.806399
[537]	validation_0-auc:0.806431
[538]	validation_0-auc:0.806479
[539]	validation_0-auc:0.806522
[540]	validation_0-auc:0.806532
[541]	validation_0-auc:0.806498
[542]	validation_0-auc:0.806518
[543]	validation_0-auc:0.806512
[544]	validation_0-auc:0.806531
[545]	validation_0-auc:0.806525
[546]	validation_0-auc:0.806544
[547]	validation_0-auc:0.806568
[548]	validation_0-auc:0.806558
[549]	validation_0-auc:0.806583
[550]	validation_0-auc:0.806616
[551]	validation_0-auc:0.806610
[552]	validation_0-auc:0.806612
[553]	validation_0-auc:0.806612
[554]	validation_0-auc:0.806620
[555]	validation_0-auc:0.806630
[556]	validation_0-auc:0.806625
[557]	validation_0-auc:0.806628
[558]	validation_0-auc:0.806619
[559]	validation_0-auc:0.806654
[560]	validation_0-auc:0.806637
[561]	validation_0-auc:0.806647
[562]	validation_0-auc:0.806596
[563]	validation_0-auc:0.806596
[564]	validation_0-auc:0.806627
[565]	validation_0-auc:0.806610
[566]	validation_0-auc:0.806605
[567]	validation_0-auc:0.806638
[568]	validation_0-auc:0.806637
[569]	validation_0-auc:0.806643
[570]	validation_0-auc:0.806633
[571]	validation_0-auc:0.806632
[572]	validation_0-auc:0.806692
[573]	validation_0-auc:0.806720
[574]	validation_0-auc:0.806711
[575]	validation_0-auc:0.806747
[576]	validation_0-auc:0.806771
[577]	validation_0-auc:0.806790
[578]	validation_0-auc:0.806832
[579]	validation_0-auc:0.806864
[580]	validation_0-auc:0.806860
[581]	validation_0-auc:0.806917
[582]	validation_0-auc:0.806933
[583]	validation_0-auc:0.806927
[584]	validation_0-auc:0.806930
[585]	validation_0-auc:0.806994
[586]	validation_0-auc:0.807026
[587]	validation_0-auc:0.807023
[588]	validation_0-auc:0.807004
[589]	validation_0-auc:0.806971
[590]	validation_0-auc:0.806955
[591]	validation_0-auc:0.806978
[592]	validation_0-auc:0.806989
[593]	validation_0-auc:0.807020
[594]	validation_0-auc:0.807045
[595]	validation_0-auc:0.807060
[596]	validation_0-auc:0.807045
[597]	validation_0-auc:0.807059
[598]	validation_0-auc:0.807085
[599]	validation_0-auc:0.807103
[600]	validation_0-auc:0.807062
[601]	validation_0-auc:0.807079
[602]	validation_0-auc:0.807079
[603]	validation_0-auc:0.807102
[604]	validation_0-auc:0.807095
[605]	validation_0-auc:0.807088
[606]	validation_0-auc:0.807110
[607]	validation_0-auc:0.807138
[608]	validation_0-auc:0.807154
[609]	validation_0-auc:0.807160
[610]	validation_0-auc:0.807173
[611]	validation_0-auc:0.807190
[612]	validation_0-auc:0.807144
[613]	validation_0-auc:0.807164
[614]	validation_0-auc:0.807177
[615]	validation_0-auc:0.807168
[616]	validation_0-auc:0.807165
[617]	validation_0-auc:0.807182
[618]	validation_0-auc:0.807201
[619]	validation_0-auc:0.807203
[620]	validation_0-auc:0.807199
[621]	validation_0-auc:0.807177
[622]	validation_0-auc:0.807218
[623]	validation_0-auc:0.807261
[624]	validation_0-auc:0.807309
[625]	validation_0-auc:0.807317
[626]	validation_0-auc:0.807307
[627]	validation_0-auc:0.807311
[628]	validation_0-auc:0.807302
[629]	validation_0-auc:0.807341
[630]	validation_0-auc:0.807389
[631]	validation_0-auc:0.807363
[632]	validation_0-auc:0.807364
[633]	validation_0-auc:0.807394
[634]	validation_0-auc:0.807452
[635]	validation_0-auc:0.807457
[636]	validation_0-auc:0.807488
[637]	validation_0-auc:0.807456
[638]	validation_0-auc:0.807473
[639]	validation_0-auc:0.807482
[640]	validation_0-auc:0.807501
[641]	validation_0-auc:0.807498
[642]	validation_0-auc:0.807509
[643]	validation_0-auc:0.807524
[644]	validation_0-auc:0.807499
[645]	validation_0-auc:0.807513
[646]	validation_0-auc:0.807511
[647]	validation_0-auc:0.807548
[648]	validation_0-auc:0.807551
[649]	validation_0-auc:0.807535
[650]	validation_0-auc:0.807549
[651]	validation_0-auc:0.807542
[652]	validation_0-auc:0.807590
[653]	validation_0-auc:0.807580
[654]	validation_0-auc:0.807585
[655]	validation_0-auc:0.807589
[656]	validation_0-auc:0.807588
[657]	validation_0-auc:0.807585
[658]	validation_0-auc:0.807607
[659]	validation_0-auc:0.807595
[660]	validation_0-auc:0.807608
[661]	validation_0-auc:0.807624
[662]	validation_0-auc:0.807639
[663]	validation_0-auc:0.807646
[664]	validation_0-auc:0.807662
[665]	validation_0-auc:0.807633
[666]	validation_0-auc:0.807664
[667]	validation_0-auc:0.807651
[668]	validation_0-auc:0.807707
[669]	validation_0-auc:0.807750
[670]	validation_0-auc:0.807774
[671]	validation_0-auc:0.807797
[672]	validation_0-auc:0.807827
[673]	validation_0-auc:0.807800
[674]	validation_0-auc:0.807805
[675]	validation_0-auc:0.807809
[676]	validation_0-auc:0.807808
[677]	validation_0-auc:0.807802
[678]	validation_0-auc:0.807798
[679]	validation_0-auc:0.807817
[680]	validation_0-auc:0.807819
[681]	validation_0-auc:0.807827
[682]	validation_0-auc:0.807829
[683]	validation_0-auc:0.807893
[684]	validation_0-auc:0.807903
[685]	validation_0-auc:0.807873
[686]	validation_0-auc:0.807878
[687]	validation_0-auc:0.807862
[688]	validation_0-auc:0.807848
[689]	validation_0-auc:0.807848
[690]	validation_0-auc:0.807853
[691]	validation_0-auc:0.807880
[692]	validation_0-auc:0.807890
[693]	validation_0-auc:0.807847
[694]	validation_0-auc:0.807822
[695]	validation_0-auc:0.807866
[696]	validation_0-auc:0.807842
[697]	validation_0-auc:0.807830
[698]	validation_0-auc:0.807848
[699]	validation_0-auc:0.807846
[700]	validation_0-auc:0.807863
[701]	validation_0-auc:0.807841
[702]	validation_0-auc:0.807818
[703]	validation_0-auc:0.807779
[704]	validation_0-auc:0.807763
Stopping. Best iteration:
[684]	validation_0-auc:0.807903

